<?xml version="1.0" encoding="UTF-8"?>
<testsuite name="HelloTest" tests="1" skipped="0" failures="0" errors="0" timestamp="2022-06-17T01:49:22" hostname="Sidhants-MacBook-Pro.local" time="0.021">
  <properties/>
  <testcase name="test_func_returns_true()" classname="HelloTest" time="0.021"/>
  <system-out><![CDATA[]]></system-out>
  <system-err><![CDATA[]]></system-err>
</testsuite>
